<?xml version="1.0" encoding="UTF-8"?>
<checkstyle version="8.34">
<file name="/Users/saikrishnanr/case-management-service/src/main/java/com/presolved/casemanagement/workflow/demo/model/Questionnaire.java">
</file>
<file name="/Users/saikrishnanr/case-management-service/src/main/java/com/presolved/casemanagement/workflow/demo/model/Product.java">
</file>
<file name="/Users/saikrishnanr/case-management-service/src/main/java/com/presolved/casemanagement/workflow/demo/model/SupportCase.java">
</file>
<file name="/Users/saikrishnanr/case-management-service/src/main/java/com/presolved/casemanagement/workflow/demo/model/Comment.java">
</file>
<file name="/Users/saikrishnanr/case-management-service/src/main/java/com/presolved/casemanagement/workflow/demo/model/State.java">
</file>
<file name="/Users/saikrishnanr/case-management-service/src/main/java/com/presolved/casemanagement/workflow/demo/service/StateService.java">
</file>
<file name="/Users/saikrishnanr/case-management-service/src/main/java/com/presolved/casemanagement/workflow/demo/service/TriageService.java">
</file>
<file name="/Users/saikrishnanr/case-management-service/src/main/java/com/presolved/casemanagement/workflow/demo/service/CommentService.java">
</file>
<file name="/Users/saikrishnanr/case-management-service/src/main/resources/application.properties">
</file>
<file name="/Users/saikrishnanr/case-management-service/src/test/resources/application.properties">
</file>
</checkstyle>
